# JRE version: OpenJDK Runtime Environment (8.0_76-b03) (build 1.8.0_76-release-b03)
# Java VM: OpenJDK 64-Bit Server VM (25.76-b03 mixed mode windows-amd64 compressed oops)
Heap:
 PSYoungGen      total 353280K, used 26977K [0x00000000e0000000, 0x00000000fd000000, 0x0000000100000000)
  eden space 344064K, 7% used [0x00000000e0000000,0x00000000e1a58570,0x00000000f5000000)
  from space 9216K, 0% used [0x00000000f5000000,0x00000000f5000000,0x00000000f5900000)
  to   space 65536K, 0% used [0x00000000f9000000,0x00000000f9000000,0x00000000fd000000)
 ParOldGen       total 134144K, used 34522K [0x00000000a0000000, 0x00000000a8300000, 0x00000000e0000000)
  object space 134144K, 25% used [0x00000000a0000000,0x00000000a21b6940,0x00000000a8300000)
 Metaspace       used 71232K, capacity 73250K, committed 74880K, reserved 1114112K
  class space    used 8996K, capacity 9401K, committed 9856K, reserved 1048576K
GC Heap History (10 events):
Event: 2024.574 GC heap before
{Heap before GC invocations=30 (full 4):
 PSYoungGen      total 262144K, used 261548K [0x00000000e0000000, 0x00000000f7200000, 0x0000000100000000)
  eden space 222720K, 100% used [0x00000000e0000000,0x00000000ed980000,0x00000000ed980000)
  from space 39424K, 98% used [0x00000000ed980000,0x00000000eff6b0b0,0x00000000f0000000)
  to   space 45056K, 0% used [0x00000000f4600000,0x00000000f4600000,0x00000000f7200000)
 ParOldGen       total 134144K, used 70386K [0x00000000a0000000, 0x00000000a8300000, 0x00000000e0000000)
  object space 134144K, 52% used [0x00000000a0000000,0x00000000a44bcb58,0x00000000a8300000)
 Metaspace       used 69743K, capacity 71556K, committed 74368K, reserved 1114112K
  class space    used 8792K, capacity 9163K, committed 9856K, reserved 1048576K
Event: 2024.676 GC heap after
Heap after GC invocations=30 (full 4):
 PSYoungGen      total 320512K, used 45053K [0x00000000e0000000, 0x00000000f7900000, 0x0000000100000000)
  eden space 275456K, 0% used [0x00000000e0000000,0x00000000e0000000,0x00000000f0d00000)
  from space 45056K, 99% used [0x00000000f4600000,0x00000000f71ff530,0x00000000f7200000)
  to   space 55296K, 0% used [0x00000000f0d00000,0x00000000f0d00000,0x00000000f4300000)
 ParOldGen       total 134144K, used 78517K [0x00000000a0000000, 0x00000000a8300000, 0x00000000e0000000)
  object space 134144K, 58% used [0x00000000a0000000,0x00000000a4cad660,0x00000000a8300000)
 Metaspace       used 69743K, capacity 71556K, committed 74368K, reserved 1114112K
  class space    used 8792K, capacity 9163K, committed 9856K, reserved 1048576K
}
Event: 2025.794 GC heap before
{Heap before GC invocations=31 (full 4):
 PSYoungGen      total 320512K, used 320509K [0x00000000e0000000, 0x00000000f7900000, 0x0000000100000000)
  eden space 275456K, 100% used [0x00000000e0000000,0x00000000f0d00000,0x00000000f0d00000)
  from space 45056K, 99% used [0x00000000f4600000,0x00000000f71ff530,0x00000000f7200000)
  to   space 55296K, 0% used [0x00000000f0d00000,0x00000000f0d00000,0x00000000f4300000)
 ParOldGen       total 134144K, used 78517K [0x00000000a0000000, 0x00000000a8300000, 0x00000000e0000000)
  object space 134144K, 58% used [0x00000000a0000000,0x00000000a4cad660,0x00000000a8300000)
 Metaspace       used 69762K, capacity 71620K, committed 74368K, reserved 1114112K
  class space    used 8793K, capacity 9163K, committed 9856K, reserved 1048576K
Event: 2025.981 GC heap after
Heap after GC invocations=31 (full 4):
 PSYoungGen      total 330752K, used 55275K [0x00000000e0000000, 0x00000000fd400000, 0x0000000100000000)
  eden space 275456K, 0% used [0x00000000e0000000,0x00000000e0000000,0x00000000f0d00000)
  from space 55296K, 99% used [0x00000000f0d00000,0x00000000f42fad78,0x00000000f4300000)
  to   space 67072K, 0% used [0x00000000f9280000,0x00000000f9280000,0x00000000fd400000)
 ParOldGen       total 134144K, used 86540K [0x00000000a0000000, 0x00000000a8300000, 0x00000000e0000000)
  object space 134144K, 64% used [0x00000000a0000000,0x00000000a54833c0,0x00000000a8300000)
 Metaspace       used 69762K, capacity 71620K, committed 74368K, reserved 1114112K
  class space    used 8793K, capacity 9163K, committed 9856K, reserved 1048576K
}
Event: 2028.152 GC heap before
{Heap before GC invocations=32 (full 4):
 PSYoungGen      total 330752K, used 330611K [0x00000000e0000000, 0x00000000fd400000, 0x0000000100000000)
  eden space 275456K, 99% used [0x00000000e0000000,0x00000000f0ce20c0,0x00000000f0d00000)
  from space 55296K, 99% used [0x00000000f0d00000,0x00000000f42fad78,0x00000000f4300000)
  to   space 67072K, 0% used [0x00000000f9280000,0x00000000f9280000,0x00000000fd400000)
 ParOldGen       total 134144K, used 86540K [0x00000000a0000000, 0x00000000a8300000, 0x00000000e0000000)
  object space 134144K, 64% used [0x00000000a0000000,0x00000000a54833c0,0x00000000a8300000)
 Metaspace       used 70807K, capacity 72690K, committed 74880K, reserved 1114112K
  class space    used 8928K, capacity 9302K, committed 9856K, reserved 1048576K
Event: 2028.259 GC heap after
Heap after GC invocations=32 (full 4):
 PSYoungGen      total 408064K, used 35459K [0x00000000e0000000, 0x00000000fd100000, 0x0000000100000000)
  eden space 344064K, 0% used [0x00000000e0000000,0x00000000e0000000,0x00000000f5000000)
  from space 64000K, 55% used [0x00000000f9280000,0x00000000fb520cf0,0x00000000fd100000)
  to   space 66048K, 0% used [0x00000000f5000000,0x00000000f5000000,0x00000000f9080000)
 ParOldGen       total 134144K, used 102468K [0x00000000a0000000, 0x00000000a8300000, 0x00000000e0000000)
  object space 134144K, 76% used [0x00000000a0000000,0x00000000a6411148,0x00000000a8300000)
 Metaspace       used 70807K, capacity 72690K, committed 74880K, reserved 1114112K
  class space    used 8928K, capacity 9302K, committed 9856K, reserved 1048576K
}
Event: 2028.737 GC heap before
{Heap before GC invocations=33 (full 4):
 PSYoungGen      total 408064K, used 96700K [0x00000000e0000000, 0x00000000fd100000, 0x0000000100000000)
  eden space 344064K, 17% used [0x00000000e0000000,0x00000000e3bce4e8,0x00000000f5000000)
  from space 64000K, 55% used [0x00000000f9280000,0x00000000fb520cf0,0x00000000fd100000)
  to   space 66048K, 0% used [0x00000000f5000000,0x00000000f5000000,0x00000000f9080000)
 ParOldGen       total 134144K, used 102468K [0x00000000a0000000, 0x00000000a8300000, 0x00000000e0000000)
  object space 134144K, 76% used [0x00000000a0000000,0x00000000a6411148,0x00000000a8300000)
 Metaspace       used 70925K, capacity 72798K, committed 74880K, reserved 1114112K
  class space    used 8944K, capacity 9308K, committed 9856K, reserved 1048576K
Event: 2028.855 GC heap after
Heap after GC invocations=33 (full 4):
 PSYoungGen      total 353280K, used 8715K [0x00000000e0000000, 0x00000000fd000000, 0x0000000100000000)
  eden space 344064K, 0% used [0x00000000e0000000,0x00000000e0000000,0x00000000f5000000)
  from space 9216K, 94% used [0x00000000f5000000,0x00000000f5882d68,0x00000000f5900000)
  to   space 65536K, 0% used [0x00000000f9000000,0x00000000f9000000,0x00000000fd000000)
 ParOldGen       total 134144K, used 123886K [0x00000000a0000000, 0x00000000a8300000, 0x00000000e0000000)
  object space 134144K, 92% used [0x00000000a0000000,0x00000000a78fbbf0,0x00000000a8300000)
 Metaspace       used 70925K, capacity 72798K, committed 74880K, reserved 1114112K
  class space    used 8944K, capacity 9308K, committed 9856K, reserved 1048576K
}
Event: 2028.855 GC heap before
{Heap before GC invocations=34 (full 5):
 PSYoungGen      total 353280K, used 8715K [0x00000000e0000000, 0x00000000fd000000, 0x0000000100000000)
  eden space 344064K, 0% used [0x00000000e0000000,0x00000000e0000000,0x00000000f5000000)
  from space 9216K, 94% used [0x00000000f5000000,0x00000000f5882d68,0x00000000f5900000)
  to   space 65536K, 0% used [0x00000000f9000000,0x00000000f9000000,0x00000000fd000000)
 ParOldGen       total 134144K, used 123886K [0x00000000a0000000, 0x00000000a8300000, 0x00000000e0000000)
  object space 134144K, 92% used [0x00000000a0000000,0x00000000a78fbbf0,0x00000000a8300000)
 Metaspace       used 70925K, capacity 72798K, committed 74880K, reserved 1114112K
  class space    used 8944K, capacity 9308K, committed 9856K, reserved 1048576K
Event: 2029.318 GC heap after
Heap after GC invocations=34 (full 5):
 PSYoungGen      total 353280K, used 0K [0x00000000e0000000, 0x00000000fd000000, 0x0000000100000000)
  eden space 344064K, 0% used [0x00000000e0000000,0x00000000e0000000,0x00000000f5000000)
  from space 9216K, 0% used [0x00000000f5000000,0x00000000f5000000,0x00000000f5900000)
  to   space 65536K, 0% used [0x00000000f9000000,0x00000000f9000000,0x00000000fd000000)
 ParOldGen       total 134144K, used 34522K [0x00000000a0000000, 0x00000000a8300000, 0x00000000e0000000)
  object space 134144K, 25% used [0x00000000a0000000,0x00000000a21b6940,0x00000000a8300000)
 Metaspace       used 70898K, capacity 72714K, committed 74880K, reserved 1114112K
  class space    used 8936K, capacity 9294K, committed 9856K, reserved 1048576K
}

