# JRE version: OpenJDK Runtime Environment (8.0_76-b03) (build 1.8.0_76-release-b03)
# Java VM: OpenJDK 64-Bit Server VM (25.76-b03 mixed mode windows-amd64 compressed oops)
Heap:
 PSYoungGen      total 427008K, used 382976K [0x00000000e0000000, 0x0000000100000000, 0x0000000100000000)
  eden space 382976K, 100% used [0x00000000e0000000,0x00000000f7600000,0x00000000f7600000)
  from space 44032K, 0% used [0x00000000f7600000,0x00000000f7600000,0x00000000fa100000)
  to   space 71680K, 44% used [0x00000000fba00000,0x00000000fd95f778,0x0000000100000000)
 ParOldGen       total 233984K, used 233961K [0x00000000a0000000, 0x00000000ae480000, 0x00000000e0000000)
  object space 233984K, 99% used [0x00000000a0000000,0x00000000ae47a7e0,0x00000000ae480000)
 Metaspace       used 76108K, capacity 79426K, committed 80688K, reserved 1120256K
  class space    used 9538K, capacity 10145K, committed 10544K, reserved 1048576K
GC Heap History (10 events):
Event: 7069.272 GC heap before
{Heap before GC invocations=60 (full 9):
 PSYoungGen      total 431104K, used 386048K [0x00000000e0000000, 0x0000000100000000, 0x0000000100000000)
  eden space 386048K, 100% used [0x00000000e0000000,0x00000000f7900000,0x00000000f7900000)
  from space 45056K, 0% used [0x00000000fd400000,0x00000000fd400000,0x0000000100000000)
  to   space 69120K, 0% used [0x00000000f7900000,0x00000000f7900000,0x00000000fbc80000)
 ParOldGen       total 186368K, used 110131K [0x00000000a0000000, 0x00000000ab600000, 0x00000000e0000000)
  object space 186368K, 59% used [0x00000000a0000000,0x00000000a6b8cc88,0x00000000ab600000)
 Metaspace       used 76084K, capacity 79426K, committed 80688K, reserved 1120256K
  class space    used 9538K, capacity 10145K, committed 10544K, reserved 1048576K
Event: 7069.341 GC heap after
Heap after GC invocations=60 (full 9):
 PSYoungGen      total 455168K, used 33353K [0x00000000e0000000, 0x0000000100000000, 0x0000000100000000)
  eden space 386048K, 0% used [0x00000000e0000000,0x00000000e0000000,0x00000000f7900000)
  from space 69120K, 48% used [0x00000000f7900000,0x00000000f99926a0,0x00000000fbc80000)
  to   space 67072K, 0% used [0x00000000fbe80000,0x00000000fbe80000,0x0000000100000000)
 ParOldGen       total 186368K, used 110139K [0x00000000a0000000, 0x00000000ab600000, 0x00000000e0000000)
  object space 186368K, 59% used [0x00000000a0000000,0x00000000a6b8ec88,0x00000000ab600000)
 Metaspace       used 76084K, capacity 79426K, committed 80688K, reserved 1120256K
  class space    used 9538K, capacity 10145K, committed 10544K, reserved 1048576K
}
Event: 7070.530 GC heap before
{Heap before GC invocations=61 (full 9):
 PSYoungGen      total 455168K, used 419401K [0x00000000e0000000, 0x0000000100000000, 0x0000000100000000)
  eden space 386048K, 100% used [0x00000000e0000000,0x00000000f7900000,0x00000000f7900000)
  from space 69120K, 48% used [0x00000000f7900000,0x00000000f99926a0,0x00000000fbc80000)
  to   space 67072K, 0% used [0x00000000fbe80000,0x00000000fbe80000,0x0000000100000000)
 ParOldGen       total 186368K, used 110139K [0x00000000a0000000, 0x00000000ab600000, 0x00000000e0000000)
  object space 186368K, 59% used [0x00000000a0000000,0x00000000a6b8ec88,0x00000000ab600000)
 Metaspace       used 76095K, capacity 79426K, committed 80688K, reserved 1120256K
  class space    used 9538K, capacity 10145K, committed 10544K, reserved 1048576K
Event: 7070.683 GC heap after
Heap after GC invocations=61 (full 9):
 PSYoungGen      total 450048K, used 48903K [0x00000000e0000000, 0x0000000100000000, 0x0000000100000000)
  eden space 382976K, 0% used [0x00000000e0000000,0x00000000e0000000,0x00000000f7600000)
  from space 67072K, 72% used [0x00000000fbe80000,0x00000000fee41f18,0x0000000100000000)
  to   space 70656K, 0% used [0x00000000f7600000,0x00000000f7600000,0x00000000fbb00000)
 ParOldGen       total 186368K, used 136319K [0x00000000a0000000, 0x00000000ab600000, 0x00000000e0000000)
  object space 186368K, 73% used [0x00000000a0000000,0x00000000a851fe08,0x00000000ab600000)
 Metaspace       used 76095K, capacity 79426K, committed 80688K, reserved 1120256K
  class space    used 9538K, capacity 10145K, committed 10544K, reserved 1048576K
}
Event: 7072.257 GC heap before
{Heap before GC invocations=62 (full 9):
 PSYoungGen      total 450048K, used 431879K [0x00000000e0000000, 0x0000000100000000, 0x0000000100000000)
  eden space 382976K, 100% used [0x00000000e0000000,0x00000000f7600000,0x00000000f7600000)
  from space 67072K, 72% used [0x00000000fbe80000,0x00000000fee41f18,0x0000000100000000)
  to   space 70656K, 0% used [0x00000000f7600000,0x00000000f7600000,0x00000000fbb00000)
 ParOldGen       total 186368K, used 136319K [0x00000000a0000000, 0x00000000ab600000, 0x00000000e0000000)
  object space 186368K, 73% used [0x00000000a0000000,0x00000000a851fe08,0x00000000ab600000)
 Metaspace       used 76101K, capacity 79426K, committed 80688K, reserved 1120256K
  class space    used 9538K, capacity 10145K, committed 10544K, reserved 1048576K
Event: 7072.356 GC heap after
Heap after GC invocations=62 (full 9):
 PSYoungGen      total 427008K, used 43721K [0x00000000e0000000, 0x0000000100000000, 0x0000000100000000)
  eden space 382976K, 0% used [0x00000000e0000000,0x00000000e0000000,0x00000000f7600000)
  from space 44032K, 99% used [0x00000000f7600000,0x00000000fa0b2600,0x00000000fa100000)
  to   space 71680K, 0% used [0x00000000fba00000,0x00000000fba00000,0x0000000100000000)
 ParOldGen       total 186368K, used 149215K [0x00000000a0000000, 0x00000000ab600000, 0x00000000e0000000)
  object space 186368K, 80% used [0x00000000a0000000,0x00000000a91b7df8,0x00000000ab600000)
 Metaspace       used 76101K, capacity 79426K, committed 80688K, reserved 1120256K
  class space    used 9538K, capacity 10145K, committed 10544K, reserved 1048576K
}
Event: 7073.708 GC heap before
{Heap before GC invocations=63 (full 9):
 PSYoungGen      total 427008K, used 426697K [0x00000000e0000000, 0x0000000100000000, 0x0000000100000000)
  eden space 382976K, 100% used [0x00000000e0000000,0x00000000f7600000,0x00000000f7600000)
  from space 44032K, 99% used [0x00000000f7600000,0x00000000fa0b2600,0x00000000fa100000)
  to   space 71680K, 0% used [0x00000000fba00000,0x00000000fba00000,0x0000000100000000)
 ParOldGen       total 186368K, used 149215K [0x00000000a0000000, 0x00000000ab600000, 0x00000000e0000000)
  object space 186368K, 80% used [0x00000000a0000000,0x00000000a91b7df8,0x00000000ab600000)
 Metaspace       used 76105K, capacity 79426K, committed 80688K, reserved 1120256K
  class space    used 9538K, capacity 10145K, committed 10544K, reserved 1048576K
Event: 7074.053 GC heap after
Heap after GC invocations=63 (full 9):
 PSYoungGen      total 427008K, used 426697K [0x00000000e0000000, 0x0000000100000000, 0x0000000100000000)
  eden space 382976K, 100% used [0x00000000e0000000,0x00000000f7600000,0x00000000f7600000)
  from space 44032K, 99% used [0x00000000f7600000,0x00000000fa0b2600,0x00000000fa100000)
  to   space 71680K, 99% used [0x00000000fba00000,0x00000000ffffcd28,0x0000000100000000)
 ParOldGen       total 233984K, used 233981K [0x00000000a0000000, 0x00000000ae480000, 0x00000000e0000000)
  object space 233984K, 99% used [0x00000000a0000000,0x00000000ae47f6d0,0x00000000ae480000)
 Metaspace       used 76105K, capacity 79426K, committed 80688K, reserved 1120256K
  class space    used 9538K, capacity 10145K, committed 10544K, reserved 1048576K
}
Event: 7074.054 GC heap before
{Heap before GC invocations=64 (full 10):
 PSYoungGen      total 427008K, used 426697K [0x00000000e0000000, 0x0000000100000000, 0x0000000100000000)
  eden space 382976K, 100% used [0x00000000e0000000,0x00000000f7600000,0x00000000f7600000)
  from space 44032K, 99% used [0x00000000f7600000,0x00000000fa0b2600,0x00000000fa100000)
  to   space 71680K, 99% used [0x00000000fba00000,0x00000000ffffcd28,0x0000000100000000)
 ParOldGen       total 233984K, used 233981K [0x00000000a0000000, 0x00000000ae480000, 0x00000000e0000000)
  object space 233984K, 99% used [0x00000000a0000000,0x00000000ae47f6d0,0x00000000ae480000)
 Metaspace       used 76105K, capacity 79426K, committed 80688K, reserved 1120256K
  class space    used 9538K, capacity 10145K, committed 10544K, reserved 1048576K
Event: 7075.351 GC heap after
Heap after GC invocations=64 (full 10):
 PSYoungGen      total 427008K, used 0K [0x00000000e0000000, 0x0000000100000000, 0x0000000100000000)
  eden space 382976K, 0% used [0x00000000e0000000,0x00000000e0000000,0x00000000f7600000)
  from space 44032K, 0% used [0x00000000f7600000,0x00000000f7600000,0x00000000fa100000)
  to   space 71680K, 44% used [0x00000000fba00000,0x00000000fd95f778,0x0000000100000000)
 ParOldGen       total 233984K, used 233961K [0x00000000a0000000, 0x00000000ae480000, 0x00000000e0000000)
  object space 233984K, 99% used [0x00000000a0000000,0x00000000ae47a7e0,0x00000000ae480000)
 Metaspace       used 76105K, capacity 79426K, committed 80688K, reserved 1120256K
  class space    used 9538K, capacity 10145K, committed 10544K, reserved 1048576K
}

