# JRE version: OpenJDK Runtime Environment (8.0_76-b03) (build 1.8.0_76-release-b03)
# Java VM: OpenJDK 64-Bit Server VM (25.76-b03 mixed mode windows-amd64 compressed oops)
Heap:
 PSYoungGen      total 182272K, used 116837K [0x00000000e0000000, 0x00000000ecc80000, 0x0000000100000000)
  eden space 157184K, 74% used [0x00000000e0000000,0x00000000e72197c0,0x00000000e9980000)
  from space 25088K, 0% used [0x00000000eb400000,0x00000000eb400000,0x00000000ecc80000)
  to   space 26112K, 0% used [0x00000000e9980000,0x00000000e9980000,0x00000000eb300000)
 ParOldGen       total 66560K, used 44524K [0x00000000a0000000, 0x00000000a4100000, 0x00000000e0000000)
  object space 66560K, 66% used [0x00000000a0000000,0x00000000a2b7b248,0x00000000a4100000)
 Metaspace       used 63123K, capacity 66108K, committed 67584K, reserved 1107968K
  class space    used 8275K, capacity 8904K, committed 9216K, reserved 1048576K
GC Heap History (10 events):
Event: 742.634 GC heap before
{Heap before GC invocations=21 (full 3):
 PSYoungGen      total 187392K, used 98441K [0x00000000e0000000, 0x00000000ed680000, 0x0000000100000000)
  eden space 163328K, 45% used [0x00000000e0000000,0x00000000e48a3370,0x00000000e9f80000)
  from space 24064K, 99% used [0x00000000ea600000,0x00000000ebd7f2e0,0x00000000ebd80000)
  to   space 25600K, 0% used [0x00000000ebd80000,0x00000000ebd80000,0x00000000ed680000)
 ParOldGen       total 66560K, used 45815K [0x00000000a0000000, 0x00000000a4100000, 0x00000000e0000000)
  object space 66560K, 68% used [0x00000000a0000000,0x00000000a2cbdd20,0x00000000a4100000)
 Metaspace       used 62233K, capacity 64878K, committed 65024K, reserved 1105920K
  class space    used 8270K, capacity 8887K, committed 8960K, reserved 1048576K
Event: 742.669 GC heap after
Heap after GC invocations=21 (full 3):
 PSYoungGen      total 186880K, used 9513K [0x00000000e0000000, 0x00000000ed480000, 0x0000000100000000)
  eden space 163328K, 0% used [0x00000000e0000000,0x00000000e0000000,0x00000000e9f80000)
  from space 23552K, 40% used [0x00000000ebd80000,0x00000000ec6ca7d0,0x00000000ed480000)
  to   space 27136K, 0% used [0x00000000e9f80000,0x00000000e9f80000,0x00000000eba00000)
 ParOldGen       total 66560K, used 45823K [0x00000000a0000000, 0x00000000a4100000, 0x00000000e0000000)
  object space 66560K, 68% used [0x00000000a0000000,0x00000000a2cbfd20,0x00000000a4100000)
 Metaspace       used 62233K, capacity 64878K, committed 65024K, reserved 1105920K
  class space    used 8270K, capacity 8887K, committed 8960K, reserved 1048576K
}
Event: 742.669 GC heap before
{Heap before GC invocations=22 (full 4):
 PSYoungGen      total 186880K, used 9513K [0x00000000e0000000, 0x00000000ed480000, 0x0000000100000000)
  eden space 163328K, 0% used [0x00000000e0000000,0x00000000e0000000,0x00000000e9f80000)
  from space 23552K, 40% used [0x00000000ebd80000,0x00000000ec6ca7d0,0x00000000ed480000)
  to   space 27136K, 0% used [0x00000000e9f80000,0x00000000e9f80000,0x00000000eba00000)
 ParOldGen       total 66560K, used 45823K [0x00000000a0000000, 0x00000000a4100000, 0x00000000e0000000)
  object space 66560K, 68% used [0x00000000a0000000,0x00000000a2cbfd20,0x00000000a4100000)
 Metaspace       used 62233K, capacity 64878K, committed 65024K, reserved 1105920K
  class space    used 8270K, capacity 8887K, committed 8960K, reserved 1048576K
Event: 743.427 GC heap after
Heap after GC invocations=22 (full 4):
 PSYoungGen      total 186880K, used 0K [0x00000000e0000000, 0x00000000ed480000, 0x0000000100000000)
  eden space 163328K, 0% used [0x00000000e0000000,0x00000000e0000000,0x00000000e9f80000)
  from space 23552K, 0% used [0x00000000ebd80000,0x00000000ebd80000,0x00000000ed480000)
  to   space 27136K, 0% used [0x00000000e9f80000,0x00000000e9f80000,0x00000000eba00000)
 ParOldGen       total 66560K, used 49775K [0x00000000a0000000, 0x00000000a4100000, 0x00000000e0000000)
  object space 66560K, 74% used [0x00000000a0000000,0x00000000a309bfd0,0x00000000a4100000)
 Metaspace       used 62231K, capacity 64872K, committed 65024K, reserved 1105920K
  class space    used 8269K, capacity 8886K, committed 8960K, reserved 1048576K
}
Event: 1994.200 GC heap before
{Heap before GC invocations=23 (full 4):
 PSYoungGen      total 186880K, used 163328K [0x00000000e0000000, 0x00000000ed480000, 0x0000000100000000)
  eden space 163328K, 100% used [0x00000000e0000000,0x00000000e9f80000,0x00000000e9f80000)
  from space 23552K, 0% used [0x00000000ebd80000,0x00000000ebd80000,0x00000000ed480000)
  to   space 27136K, 0% used [0x00000000e9f80000,0x00000000e9f80000,0x00000000eba00000)
 ParOldGen       total 66560K, used 49775K [0x00000000a0000000, 0x00000000a4100000, 0x00000000e0000000)
  object space 66560K, 74% used [0x00000000a0000000,0x00000000a309bfd0,0x00000000a4100000)
 Metaspace       used 63004K, capacity 65858K, committed 66176K, reserved 1105920K
  class space    used 8317K, capacity 8966K, committed 9088K, reserved 1048576K
Event: 1994.567 GC heap after
Heap after GC invocations=23 (full 4):
 PSYoungGen      total 159744K, used 2496K [0x00000000e0000000, 0x00000000ece80000, 0x0000000100000000)
  eden space 157184K, 0% used [0x00000000e0000000,0x00000000e0000000,0x00000000e9980000)
  from space 2560K, 97% used [0x00000000e9f80000,0x00000000ea1f0000,0x00000000ea200000)
  to   space 27136K, 0% used [0x00000000eb400000,0x00000000eb400000,0x00000000ece80000)
 ParOldGen       total 66560K, used 49783K [0x00000000a0000000, 0x00000000a4100000, 0x00000000e0000000)
  object space 66560K, 74% used [0x00000000a0000000,0x00000000a309dfd0,0x00000000a4100000)
 Metaspace       used 63004K, capacity 65858K, committed 66176K, reserved 1105920K
  class space    used 8317K, capacity 8966K, committed 9088K, reserved 1048576K
}
Event: 1999.324 GC heap before
{Heap before GC invocations=24 (full 4):
 PSYoungGen      total 159744K, used 117165K [0x00000000e0000000, 0x00000000ece80000, 0x0000000100000000)
  eden space 157184K, 72% used [0x00000000e0000000,0x00000000e6ffb640,0x00000000e9980000)
  from space 2560K, 97% used [0x00000000e9f80000,0x00000000ea1f0000,0x00000000ea200000)
  to   space 27136K, 0% used [0x00000000eb400000,0x00000000eb400000,0x00000000ece80000)
 ParOldGen       total 66560K, used 49783K [0x00000000a0000000, 0x00000000a4100000, 0x00000000e0000000)
  object space 66560K, 74% used [0x00000000a0000000,0x00000000a309dfd0,0x00000000a4100000)
 Metaspace       used 64133K, capacity 67442K, committed 67584K, reserved 1107968K
  class space    used 8483K, capacity 9208K, committed 9216K, reserved 1048576K
Event: 1999.339 GC heap after
Heap after GC invocations=24 (full 4):
 PSYoungGen      total 182272K, used 6354K [0x00000000e0000000, 0x00000000ecc80000, 0x0000000100000000)
  eden space 157184K, 0% used [0x00000000e0000000,0x00000000e0000000,0x00000000e9980000)
  from space 25088K, 25% used [0x00000000eb400000,0x00000000eba34a90,0x00000000ecc80000)
  to   space 26112K, 0% used [0x00000000e9980000,0x00000000e9980000,0x00000000eb300000)
 ParOldGen       total 66560K, used 49791K [0x00000000a0000000, 0x00000000a4100000, 0x00000000e0000000)
  object space 66560K, 74% used [0x00000000a0000000,0x00000000a309ffd0,0x00000000a4100000)
 Metaspace       used 64133K, capacity 67442K, committed 67584K, reserved 1107968K
  class space    used 8483K, capacity 9208K, committed 9216K, reserved 1048576K
}
Event: 1999.339 GC heap before
{Heap before GC invocations=25 (full 5):
 PSYoungGen      total 182272K, used 6354K [0x00000000e0000000, 0x00000000ecc80000, 0x0000000100000000)
  eden space 157184K, 0% used [0x00000000e0000000,0x00000000e0000000,0x00000000e9980000)
  from space 25088K, 25% used [0x00000000eb400000,0x00000000eba34a90,0x00000000ecc80000)
  to   space 26112K, 0% used [0x00000000e9980000,0x00000000e9980000,0x00000000eb300000)
 ParOldGen       total 66560K, used 49791K [0x00000000a0000000, 0x00000000a4100000, 0x00000000e0000000)
  object space 66560K, 74% used [0x00000000a0000000,0x00000000a309ffd0,0x00000000a4100000)
 Metaspace       used 64133K, capacity 67442K, committed 67584K, reserved 1107968K
  class space    used 8483K, capacity 9208K, committed 9216K, reserved 1048576K
Event: 2001.057 GC heap after
Heap after GC invocations=25 (full 5):
 PSYoungGen      total 182272K, used 0K [0x00000000e0000000, 0x00000000ecc80000, 0x0000000100000000)
  eden space 157184K, 0% used [0x00000000e0000000,0x00000000e0000000,0x00000000e9980000)
  from space 25088K, 0% used [0x00000000eb400000,0x00000000eb400000,0x00000000ecc80000)
  to   space 26112K, 0% used [0x00000000e9980000,0x00000000e9980000,0x00000000eb300000)
 ParOldGen       total 66560K, used 44524K [0x00000000a0000000, 0x00000000a4100000, 0x00000000e0000000)
  object space 66560K, 66% used [0x00000000a0000000,0x00000000a2b7b248,0x00000000a4100000)
 Metaspace       used 62806K, capacity 65678K, committed 67584K, reserved 1107968K
  class space    used 8241K, capacity 8857K, committed 9216K, reserved 1048576K
}

